<?xml version="1.0" encoding="UTF-8"?>
<!-- Generated by org.testng.reporters.JUnitReportReporter -->
<testsuite skipped="0" hostname="DESKTOP-S9IQEFB" name="ChallengeTest.Unosquare.AmazonTest" tests="2" failures="0" timestamp="2021-03-18T19:55:04 CST" time="28.476" errors="0">
  <testcase name="firstTestCase" time="20.578" classname="ChallengeTest.Unosquare.AmazonTest"/>
  <testcase name="secondTestCase" time="7.898" classname="ChallengeTest.Unosquare.AmazonTest"/>
</testsuite> <!-- ChallengeTest.Unosquare.AmazonTest -->
